<?xml version="1.0" encoding="UTF-8"?>
<testsuite name="parentTest.ParentRunnerTest" tests="1" skipped="0" failures="0" errors="0" timestamp="2022-11-11T14:43:32" hostname="5CD110DGLF" time="16.683">
  <properties/>
  <testcase name="feature[0](&quot;Login correct user&quot;, &quot;Optional[Login User]&quot;)" classname="parentTest.ParentRunnerTest" time="16.683"/>
  <system-out><![CDATA[[INFO ] 2022-11-11 16:43:32.381 [ParentRunnerTest] - Feature: Login correct user is going to execute
[DEBUG] 2022-11-11 16:43:34.314 [InternalLoggerFactory] - Using Log4J2 as the default logging framework
[DEBUG] 2022-11-11 16:43:34.320 [ResourceLeakDetector] - -Dio.netty.leakDetection.level: simple
[DEBUG] 2022-11-11 16:43:34.321 [ResourceLeakDetector] - -Dio.netty.leakDetection.targetRecords: 4
[DEBUG] 2022-11-11 16:43:34.326 [ResourceLeakDetectorFactory] - Loaded default ResourceLeakDetector: io.netty.util.ResourceLeakDetector@21f66828
[DEBUG] 2022-11-11 16:43:34.352 [PlatformDependent0] - -Dio.netty.noUnsafe: false
[DEBUG] 2022-11-11 16:43:34.352 [PlatformDependent0] - Java version: 8
[DEBUG] 2022-11-11 16:43:34.355 [PlatformDependent0] - sun.misc.Unsafe.theUnsafe: available
[DEBUG] 2022-11-11 16:43:34.356 [PlatformDependent0] - sun.misc.Unsafe.copyMemory: available
[DEBUG] 2022-11-11 16:43:34.357 [PlatformDependent0] - sun.misc.Unsafe.storeFence: available
[DEBUG] 2022-11-11 16:43:34.358 [PlatformDependent0] - java.nio.Buffer.address: available
[DEBUG] 2022-11-11 16:43:34.359 [PlatformDependent0] - direct buffer constructor: available
[DEBUG] 2022-11-11 16:43:34.361 [PlatformDependent0] - java.nio.Bits.unaligned: available, true
[DEBUG] 2022-11-11 16:43:34.361 [PlatformDependent0] - jdk.internal.misc.Unsafe.allocateUninitializedArray(int): unavailable prior to Java9
[DEBUG] 2022-11-11 16:43:34.362 [PlatformDependent0] - java.nio.DirectByteBuffer.<init>(long, int): available
[DEBUG] 2022-11-11 16:43:34.362 [PlatformDependent] - sun.misc.Unsafe: available
[DEBUG] 2022-11-11 16:43:34.363 [PlatformDependent] - -Dio.netty.tmpdir: C:\Users\rlekh\AppData\Local\Temp (java.io.tmpdir)
[DEBUG] 2022-11-11 16:43:34.363 [PlatformDependent] - -Dio.netty.bitMode: 64 (sun.arch.data.model)
[DEBUG] 2022-11-11 16:43:34.364 [PlatformDependent] - Platform: Windows
[DEBUG] 2022-11-11 16:43:34.365 [PlatformDependent] - -Dio.netty.maxDirectMemory: 477626368 bytes
[DEBUG] 2022-11-11 16:43:34.366 [PlatformDependent] - -Dio.netty.uninitializedArrayAllocationThreshold: -1
[DEBUG] 2022-11-11 16:43:34.369 [CleanerJava6] - java.nio.ByteBuffer.cleaner(): available
[DEBUG] 2022-11-11 16:43:34.369 [PlatformDependent] - -Dio.netty.noPreferDirect: false
[DEBUG] 2022-11-11 16:43:34.386 [PlatformDependent] - org.jctools-core.MpscChunkedArrayQueue: available
[DEBUG] 2022-11-11 16:43:34.421 [InternalThreadLocalMap] - -Dio.netty.threadLocalMap.stringBuilder.initialSize: 1024
[DEBUG] 2022-11-11 16:43:34.421 [InternalThreadLocalMap] - -Dio.netty.threadLocalMap.stringBuilder.maxSize: 4096
[DEBUG] 2022-11-11 16:43:34.440 [JdkSslContext] - Default protocols (JDK): [TLSv1.2, TLSv1.1, TLSv1] 
[DEBUG] 2022-11-11 16:43:34.440 [JdkSslContext] - Default cipher suites (JDK): [TLS_ECDHE_ECDSA_WITH_AES_256_GCM_SHA384, TLS_ECDHE_ECDSA_WITH_AES_128_GCM_SHA256, TLS_ECDHE_RSA_WITH_AES_128_GCM_SHA256, TLS_ECDHE_RSA_WITH_AES_256_GCM_SHA384, TLS_ECDHE_RSA_WITH_AES_128_CBC_SHA, TLS_ECDHE_RSA_WITH_AES_256_CBC_SHA, TLS_RSA_WITH_AES_128_GCM_SHA256, TLS_RSA_WITH_AES_128_CBC_SHA, TLS_RSA_WITH_AES_256_CBC_SHA]
[DEBUG] 2022-11-11 16:43:34.475 [MultithreadEventLoopGroup] - -Dio.netty.eventLoopThreads: 16
[DEBUG] 2022-11-11 16:43:34.486 [NioEventLoop] - -Dio.netty.noKeySetOptimization: false
[DEBUG] 2022-11-11 16:43:34.487 [NioEventLoop] - -Dio.netty.selectorAutoRebuildThreshold: 512
[DEBUG] 2022-11-11 16:43:34.526 [PooledByteBufAllocator] - -Dio.netty.allocator.numHeapArenas: 16
[DEBUG] 2022-11-11 16:43:34.527 [PooledByteBufAllocator] - -Dio.netty.allocator.numDirectArenas: 16
[DEBUG] 2022-11-11 16:43:34.528 [PooledByteBufAllocator] - -Dio.netty.allocator.pageSize: 8192
[DEBUG] 2022-11-11 16:43:34.528 [PooledByteBufAllocator] - -Dio.netty.allocator.maxOrder: 9
[DEBUG] 2022-11-11 16:43:34.529 [PooledByteBufAllocator] - -Dio.netty.allocator.chunkSize: 4194304
[DEBUG] 2022-11-11 16:43:34.530 [PooledByteBufAllocator] - -Dio.netty.allocator.smallCacheSize: 256
[DEBUG] 2022-11-11 16:43:34.530 [PooledByteBufAllocator] - -Dio.netty.allocator.normalCacheSize: 64
[DEBUG] 2022-11-11 16:43:34.531 [PooledByteBufAllocator] - -Dio.netty.allocator.maxCachedBufferCapacity: 32768
[DEBUG] 2022-11-11 16:43:34.532 [PooledByteBufAllocator] - -Dio.netty.allocator.cacheTrimInterval: 8192
[DEBUG] 2022-11-11 16:43:34.532 [PooledByteBufAllocator] - -Dio.netty.allocator.cacheTrimIntervalMillis: 0
[DEBUG] 2022-11-11 16:43:34.533 [PooledByteBufAllocator] - -Dio.netty.allocator.useCacheForAllThreads: false
[DEBUG] 2022-11-11 16:43:34.533 [PooledByteBufAllocator] - -Dio.netty.allocator.maxCachedByteBuffersPerChunk: 1023
[DEBUG] 2022-11-11 16:43:34.546 [ByteBufUtil] - -Dio.netty.allocator.type: pooled
[DEBUG] 2022-11-11 16:43:34.546 [ByteBufUtil] - -Dio.netty.threadLocalDirectBufferSize: 0
[DEBUG] 2022-11-11 16:43:34.547 [ByteBufUtil] - -Dio.netty.maxThreadLocalCharBufferSize: 16384
[DEBUG] 2022-11-11 16:43:36.541 [DefaultChannelId] - -Dio.netty.processId: 19464 (auto-detected)
[DEBUG] 2022-11-11 16:43:36.543 [NetUtil] - -Djava.net.preferIPv4Stack: false
[DEBUG] 2022-11-11 16:43:36.543 [NetUtil] - -Djava.net.preferIPv6Addresses: false
[DEBUG] 2022-11-11 16:43:37.158 [NetUtilInitializations] - Loopback interface: lo (Software Loopback Interface 1, 127.0.0.1)
[DEBUG] 2022-11-11 16:43:37.160 [NetUtil] - Failed to get SOMAXCONN from sysctl and file \proc\sys\net\core\somaxconn. Default: 200
[DEBUG] 2022-11-11 16:43:37.782 [DefaultChannelId] - -Dio.netty.machineId: 38:fc:98:ff:fe:0d:8a:c7 (auto-detected)
[DEBUG] 2022-11-11 16:43:37.850 [AbstractByteBuf] - -Dio.netty.buffer.checkAccessible: true
[DEBUG] 2022-11-11 16:43:37.851 [AbstractByteBuf] - -Dio.netty.buffer.checkBounds: true
[DEBUG] 2022-11-11 16:43:37.851 [ResourceLeakDetectorFactory] - Loaded default ResourceLeakDetector: io.netty.util.ResourceLeakDetector@2e4495e8
[DEBUG] 2022-11-11 16:43:37.882 [Recycler] - -Dio.netty.recycler.maxCapacityPerThread: 4096
[DEBUG] 2022-11-11 16:43:37.882 [Recycler] - -Dio.netty.recycler.ratio: 8
[DEBUG] 2022-11-11 16:43:37.882 [Recycler] - -Dio.netty.recycler.chunkSize: 32
[DEBUG] 2022-11-11 16:43:37.882 [Recycler] - -Dio.netty.recycler.blocking: false
[DEBUG] 2022-11-11 16:43:38.943 [Brotli] - brotli4j not in the classpath; Brotli support will be unavailable.
[DEBUG] 2022-11-11 16:43:39.147 [ThreadLocalRandom] - -Dio.netty.initialSeedUniquifier: 0x4aeeb8a821533117
]]></system-out>
  <system-err><![CDATA[SLF4J: No SLF4J providers were found.
SLF4J: Defaulting to no-operation (NOP) logger implementation
SLF4J: See https://www.slf4j.org/codes.html#noProviders for further details.
SLF4J: Class path contains SLF4J bindings targeting slf4j-api versions 1.7.x or earlier.
SLF4J: Ignoring binding found at [jar:file:/C:/Users/rlekh/.gradle/caches/modules-2/files-2.1/org.apache.logging.log4j/log4j-slf4j-impl/2.17.2/183f7c95fc981f3e97d008b363341343508848e/log4j-slf4j-impl-2.17.2.jar!/org/slf4j/impl/StaticLoggerBinder.class]
SLF4J: See https://www.slf4j.org/codes.html#ignoredBindings for an explanation.
Starting ChromeDriver 107.0.5304.62 (1eec40d3a5764881c92085aaee66d25075c159aa-refs/branch-heads/5304@{#942}) on port 61353
Only local connections are allowed.
Please see https://chromedriver.chromium.org/security-considerations for suggestions on keeping ChromeDriver safe.
ChromeDriver was started successfully.
Nov 11, 2022 4:43:39 PM org.openqa.selenium.remote.ProtocolHandshake createSession
INFO: Detected upstream dialect: W3C
Nov 11, 2022 4:43:39 PM org.openqa.selenium.devtools.CdpVersionFinder findNearestMatch
WARNING: Unable to find an exact match for CDP version 107, so returning the closest version found: 106
Nov 11, 2022 4:43:39 PM org.openqa.selenium.devtools.CdpVersionFinder findNearestMatch
INFO: Found CDP implementation for version 107 of 106
]]></system-err>
</testsuite>
